Last login: Tue Mar  3 00:34:20 2026 from 3fff:172:20:20::1


r1>
r1>terminal width 511
Width set to 511 columns.
r1>terminal length 0
Pagination disabled.
r1>
r1>
r1>show version | include Software
Software image version: 4.35.2F-46221466.4352F (engineering build)
r1>
r1>show lldp neighbors
Last table change time   : 0:09:42 ago
Number of table inserts  : 5
Number of table deletes  : 0
Number of table drops    : 0
Number of table age-outs : 0

Port Neighbor Device ID Neighbor Port ID TTL
---- ------------------ ---------------- ---
Et1  r2                 Ethernet1        120
Et3  r3                 ethernet-1/1     120
Et4  r4                 ether4           121
Ma0  r3                 mgmt0            120
Ma0  r2                 Management0      120

r1>
r1>show ip interface brief
                                                                              Address
Interface         IP Address           Status       Protocol           MTU    Owner  
----------------- -------------------- ------------ -------------- ---------- -------
Management0       172.20.20.4/24       up           up                1500           

r1>
r1>show running-config
% Invalid input (privileged mode required)
r1>
r1>exit
